<?xml version="1.0" encoding="UTF-8"?>
<!-- Generated by org.testng.reporters.JUnitXMLReporter -->
<testsuite ignored="0" hostname="AZVDCNKCR0269-0" failures="0" tests="19" name="test-1" time="28.045" errors="0" timestamp="2023-08-30T22:42:19 UTC">
  <testcase classname="com.spree.test.Countries" name="T01_getDefaultCountries" time="2.227"/>
  <testcase classname="com.spree.test.Countries" name="T02_retrieveaCountry" time="0.764"/>
  <testcase classname="com.spree.test.Countries" name="T02_retrieveaCountry" time="0.737"/>
  <testcase classname="com.spree.test.Countries" name="T02_retrieveaCountry" time="0.782"/>
  <testcase classname="com.spree.test.Countries" name="T02_retrieveaCountry" time="0.778"/>
  <testcase classname="com.spree.test.Countries" name="T02_retrieveaCountry" time="0.742"/>
  <testcase classname="com.spree.test.Countries" name="T03_listallCountries" time="1.257"/>
  <testcase classname="com.spree.test.Address" name="T01_createAnAddress" time="0.793"/>
  <testcase classname="com.spree.test.Address" name="T02_updateAddress" time="0.733"/>
  <testcase classname="com.spree.test.Address" name="T03_deleteAnAddress" time="0.711"/>
  <testcase classname="com.spree.test.Address" name="T04_addMultipleAddress" time="1.525"/>
  <testcase classname="com.spree.test.Address" name="T04_addMultipleAddress" time="1.517"/>
  <testcase classname="com.spree.test.Address" name="T04_addMultipleAddress" time="1.493"/>
  <testcase classname="com.spree.test.Address" name="T04_addMultipleAddress" time="1.442"/>
  <testcase classname="com.spree.test.Address" name="T04_addMultipleAddress" time="1.48"/>
  <testcase classname="com.spree.test.Address" name="T05_getAllAddressBeforeDeleteAll" time="0.73"/>
  <testcase classname="com.spree.test.Address" name="T06_deleteAllAddress" time="4.404"/>
  <testcase classname="com.spree.test.Address" name="T07_getAllAddressAfterDeleteAll" time="0.772"/>
  <testcase classname="com.spree.test.Address" name="addAddressSameLabel" time="1.471"/>
</testsuite> <!-- test-1 -->
