<?xml version="1.0" encoding="UTF-8"?>
<!-- Generated by org.testng.reporters.JUnitXMLReporter -->
<testsuite ignored="0" hostname="AZVDCNKCR0269-0" failures="0" tests="19" name="test-1" time="29.175" errors="0" timestamp="2023-08-30T22:40:47 UTC">
  <testcase classname="com.spree.test.Countries" name="T01_getDefaultCountries" time="2.294"/>
  <testcase classname="com.spree.test.Countries" name="T02_retrieveaCountry" time="0.81"/>
  <testcase classname="com.spree.test.Countries" name="T02_retrieveaCountry" time="0.776"/>
  <testcase classname="com.spree.test.Countries" name="T02_retrieveaCountry" time="0.814"/>
  <testcase classname="com.spree.test.Countries" name="T02_retrieveaCountry" time="0.864"/>
  <testcase classname="com.spree.test.Countries" name="T02_retrieveaCountry" time="0.76"/>
  <testcase classname="com.spree.test.Countries" name="T03_listallCountries" time="1.267"/>
  <testcase classname="com.spree.test.Address" name="T01_createAnAddress" time="0.821"/>
  <testcase classname="com.spree.test.Address" name="T02_updateAddress" time="0.753"/>
  <testcase classname="com.spree.test.Address" name="T03_deleteAnAddress" time="0.725"/>
  <testcase classname="com.spree.test.Address" name="T04_addMultipleAddress" time="1.597"/>
  <testcase classname="com.spree.test.Address" name="T04_addMultipleAddress" time="1.543"/>
  <testcase classname="com.spree.test.Address" name="T04_addMultipleAddress" time="1.611"/>
  <testcase classname="com.spree.test.Address" name="T04_addMultipleAddress" time="1.693"/>
  <testcase classname="com.spree.test.Address" name="T04_addMultipleAddress" time="1.543"/>
  <testcase classname="com.spree.test.Address" name="T05_getAllAddressBeforeDeleteAll" time="0.721"/>
  <testcase classname="com.spree.test.Address" name="T06_deleteAllAddress" time="4.448"/>
  <testcase classname="com.spree.test.Address" name="T07_getAllAddressAfterDeleteAll" time="0.771"/>
  <testcase classname="com.spree.test.Address" name="addAddressSameLabel" time="1.538"/>
</testsuite> <!-- test-1 -->
