<?xml version="1.0" encoding="UTF-8"?>
<!-- Generated by org.testng.reporters.JUnitXMLReporter -->
<testsuite ignored="1" hostname="AZVDCNKCR0269-0" failures="0" tests="19" name="test-1" time="27.748" errors="0" timestamp="2023-08-30T23:15:14 UTC">
  <testcase classname="com.spree.test.Countries" name="T01_getDefaultCountries" time="2.126"/>
  <testcase classname="com.spree.test.Countries" name="T02_retrieveaCountry" time="0.737"/>
  <testcase classname="com.spree.test.Countries" name="T02_retrieveaCountry" time="0.718"/>
  <testcase classname="com.spree.test.Countries" name="T02_retrieveaCountry" time="0.707"/>
  <testcase classname="com.spree.test.Countries" name="T02_retrieveaCountry" time="0.718"/>
  <testcase classname="com.spree.test.Countries" name="T02_retrieveaCountry" time="0.707"/>
  <testcase classname="com.spree.test.Countries" name="T03_listallCountries" time="1.184"/>
  <testcase classname="com.spree.test.Address" name="T01_createAnAddress" time="0.742"/>
  <testcase classname="com.spree.test.Address" name="T02_updateAddress" time="0.709"/>
  <testcase classname="com.spree.test.Address" name="T03_deleteAnAddress" time="0.683"/>
  <testcase classname="com.spree.test.Address" name="T04_addMultipleAddress" time="1.422"/>
  <testcase classname="com.spree.test.Address" name="T04_addMultipleAddress" time="1.43"/>
  <testcase classname="com.spree.test.Address" name="T04_addMultipleAddress" time="1.437"/>
  <testcase classname="com.spree.test.Address" name="T04_addMultipleAddress" time="1.405"/>
  <testcase classname="com.spree.test.Address" name="T04_addMultipleAddress" time="1.411"/>
  <testcase classname="com.spree.test.Address" name="T05_getAllAddressBeforeDeleteAll" time="0.696"/>
  <testcase classname="com.spree.test.Address" name="T06_deleteAllAddress" time="4.118"/>
  <testcase classname="com.spree.test.Address" name="T07_getAllAddressAfterDeleteAll" time="0.713"/>
  <testcase classname="com.spree.test.Address" name="addAddressSameLabel" time="1.435"/>
  <testcase classname="com.spree.test.BaseTest" name="@BeforeTest SetUp" time="0.0">
    <ignored/>
  </testcase> <!-- @BeforeTest SetUp -->
</testsuite> <!-- test-1 -->
