<?xml version="1.0" encoding="UTF-8"?>
<!-- Generated by org.testng.reporters.JUnitReportReporter -->
<testsuite hostname="AZVDCNKCR0269-0" failures="0" tests="1" name="com.spree.test.Address" time="1.742" errors="0" timestamp="2023-08-30T21:25:01 UTC" skipped="0">
  <testcase classname="com.spree.test.Address" name="addAddressSameLabel" time="1.742"/>
</testsuite> <!-- com.spree.test.Address -->
