<?xml version="1.0" encoding="UTF-8"?>
<!-- Generated by org.testng.reporters.JUnitReportReporter -->
<testsuite hostname="AZVDCNKCR0269-0" failures="0" tests="12" name="com.spree.test.Address" time="17.071" errors="0" timestamp="2023-08-30T22:42:19 UTC" skipped="0">
  <testcase classname="com.spree.test.Address" name="T01_createAnAddress" time="0.793"/>
  <testcase classname="com.spree.test.Address" name="T02_updateAddress" time="0.733"/>
  <testcase classname="com.spree.test.Address" name="T03_deleteAnAddress" time="0.711"/>
  <testcase classname="com.spree.test.Address" name="T04_addMultipleAddress" time="1.525"/>
  <testcase classname="com.spree.test.Address" name="T04_addMultipleAddress" time="1.442"/>
  <testcase classname="com.spree.test.Address" name="T04_addMultipleAddress" time="1.517"/>
  <testcase classname="com.spree.test.Address" name="T04_addMultipleAddress" time="1.493"/>
  <testcase classname="com.spree.test.Address" name="T04_addMultipleAddress" time="1.480"/>
  <testcase classname="com.spree.test.Address" name="T05_getAllAddressBeforeDeleteAll" time="0.730"/>
  <testcase classname="com.spree.test.Address" name="T06_deleteAllAddress" time="4.404"/>
  <testcase classname="com.spree.test.Address" name="T07_getAllAddressAfterDeleteAll" time="0.772"/>
  <testcase classname="com.spree.test.Address" name="addAddressSameLabel" time="1.471"/>
</testsuite> <!-- com.spree.test.Address -->
