<?xml version="1.0" encoding="UTF-8"?>
<!-- Generated by org.testng.reporters.JUnitReportReporter -->
<testsuite hostname="AZVDCNKCR0269-0" failures="0" tests="12" name="com.spree.test.Address" time="16.206" errors="0" timestamp="2023-08-30T23:15:14 UTC" skipped="0">
  <testcase classname="com.spree.test.Address" name="T01_createAnAddress" time="0.742"/>
  <testcase classname="com.spree.test.Address" name="T02_updateAddress" time="0.710"/>
  <testcase classname="com.spree.test.Address" name="T03_deleteAnAddress" time="0.683"/>
  <testcase classname="com.spree.test.Address" name="T04_addMultipleAddress" time="1.430"/>
  <testcase classname="com.spree.test.Address" name="T04_addMultipleAddress" time="1.406"/>
  <testcase classname="com.spree.test.Address" name="T04_addMultipleAddress" time="1.423"/>
  <testcase classname="com.spree.test.Address" name="T04_addMultipleAddress" time="1.411"/>
  <testcase classname="com.spree.test.Address" name="T04_addMultipleAddress" time="1.437"/>
  <testcase classname="com.spree.test.Address" name="T05_getAllAddressBeforeDeleteAll" time="0.697"/>
  <testcase classname="com.spree.test.Address" name="T06_deleteAllAddress" time="4.118"/>
  <testcase classname="com.spree.test.Address" name="T07_getAllAddressAfterDeleteAll" time="0.713"/>
  <testcase classname="com.spree.test.Address" name="addAddressSameLabel" time="1.436"/>
</testsuite> <!-- com.spree.test.Address -->
