<?xml version="1.0" encoding="UTF-8"?>
<!-- Generated by org.testng.reporters.JUnitReportReporter -->
<testsuite hostname="AZVDCNKCR0269-0" failures="0" tests="7" name="com.spree.test.Countries" time="7.585" errors="0" timestamp="2023-08-30T22:40:47 UTC" skipped="0">
  <testcase classname="com.spree.test.Countries" name="T01_getDefaultCountries" time="2.294"/>
  <testcase classname="com.spree.test.Countries" name="T02_retrieveaCountry" time="0.864"/>
  <testcase classname="com.spree.test.Countries" name="T02_retrieveaCountry" time="0.760"/>
  <testcase classname="com.spree.test.Countries" name="T02_retrieveaCountry" time="0.810"/>
  <testcase classname="com.spree.test.Countries" name="T02_retrieveaCountry" time="0.814"/>
  <testcase classname="com.spree.test.Countries" name="T02_retrieveaCountry" time="0.776"/>
  <testcase classname="com.spree.test.Countries" name="T03_listallCountries" time="1.267"/>
</testsuite> <!-- com.spree.test.Countries -->
