<?xml version="1.0" encoding="UTF-8"?>
<!-- Generated by org.testng.reporters.JUnitReportReporter -->
<testsuite hostname="AZVDCNKCR0269-0" failures="0" tests="7" name="com.spree.test.Countries" time="7.287" errors="0" timestamp="2023-08-30T22:42:19 UTC" skipped="0">
  <testcase classname="com.spree.test.Countries" name="T01_getDefaultCountries" time="2.227"/>
  <testcase classname="com.spree.test.Countries" name="T02_retrieveaCountry" time="0.778"/>
  <testcase classname="com.spree.test.Countries" name="T02_retrieveaCountry" time="0.742"/>
  <testcase classname="com.spree.test.Countries" name="T02_retrieveaCountry" time="0.764"/>
  <testcase classname="com.spree.test.Countries" name="T02_retrieveaCountry" time="0.782"/>
  <testcase classname="com.spree.test.Countries" name="T02_retrieveaCountry" time="0.737"/>
  <testcase classname="com.spree.test.Countries" name="T03_listallCountries" time="1.257"/>
</testsuite> <!-- com.spree.test.Countries -->
