<?xml version="1.0" encoding="UTF-8"?>
<!-- Generated by org.testng.reporters.JUnitReportReporter -->
<testsuite hostname="AZVDCNKCR0269-0" failures="0" tests="1" name="com.spree.test.Create_Address" time="2.947" errors="0" timestamp="2023-08-30T18:18:59 UTC" skipped="0">
  <testcase classname="com.spree.test.Create_Address" name="retrieveAccount" time="2.947"/>
</testsuite> <!-- com.spree.test.Create_Address -->
