<?xml version="1.0" encoding="UTF-8"?>
<!-- Generated by org.testng.reporters.JUnitReportReporter -->
<testsuite hostname="AZVDCNKCR0269-0" failures="0" tests="1" name="com.spree.test.MIsc" time="3.570" errors="0" timestamp="2023-08-30T22:37:36 UTC" skipped="0">
  <testcase classname="com.spree.test.MIsc" name="f" time="3.570"/>
</testsuite> <!-- com.spree.test.MIsc -->
