<?xml version="1.0" encoding="UTF-8"?>
<!-- Generated by org.testng.reporters.JUnitReportReporter -->
<testsuite hostname="AZVDCNKCR0269-0" failures="0" tests="7" name="com.spree.test.Countries" time="6.907" errors="0" timestamp="2023-08-30T23:15:14 UTC" skipped="0">
  <testcase classname="com.spree.test.Countries" name="T01_getDefaultCountries" time="2.126"/>
  <testcase classname="com.spree.test.Countries" name="T02_retrieveaCountry" time="0.724"/>
  <testcase classname="com.spree.test.Countries" name="T02_retrieveaCountry" time="0.707"/>
  <testcase classname="com.spree.test.Countries" name="T02_retrieveaCountry" time="0.708"/>
  <testcase classname="com.spree.test.Countries" name="T02_retrieveaCountry" time="0.738"/>
  <testcase classname="com.spree.test.Countries" name="T02_retrieveaCountry" time="0.719"/>
  <testcase classname="com.spree.test.Countries" name="T03_listallCountries" time="1.185"/>
</testsuite> <!-- com.spree.test.Countries -->
