<?xml version="1.0" encoding="UTF-8"?>
<!-- Generated by org.testng.reporters.JUnitReportReporter -->
<testsuite hostname="AZVDCNKCR0269-0" failures="0" tests="1" name="com.spree.test.Countries" time="2.256" errors="0" timestamp="2023-08-30T15:27:16 UTC" skipped="0">
  <testcase classname="com.spree.test.Countries" name="T01_getDefaultCountries" time="2.256"/>
</testsuite> <!-- com.spree.test.Countries -->
