<?xml version="1.0" encoding="UTF-8"?>
<!-- Generated by org.testng.reporters.JUnitReportReporter -->
<testsuite hostname="AZVDCNKCR0269-0" failures="0" tests="12" name="com.spree.test.Address" time="23.705" errors="0" timestamp="2023-08-30T22:02:30 UTC" skipped="0">
  <testcase classname="com.spree.test.Address" name="T01_createAnAddress" time="1.019"/>
  <testcase classname="com.spree.test.Address" name="T02_updateAddress" time="0.782"/>
  <testcase classname="com.spree.test.Address" name="T03_deleteAnAddress" time="0.744"/>
  <testcase classname="com.spree.test.Address" name="T04_addMultipleAddress" time="1.669"/>
  <testcase classname="com.spree.test.Address" name="T04_addMultipleAddress" time="1.564"/>
  <testcase classname="com.spree.test.Address" name="T04_addMultipleAddress" time="1.495"/>
  <testcase classname="com.spree.test.Address" name="T04_addMultipleAddress" time="1.556"/>
  <testcase classname="com.spree.test.Address" name="T04_addMultipleAddress" time="1.502"/>
  <testcase classname="com.spree.test.Address" name="T05_getAllAddressBeforeDeleteAll" time="0.757"/>
  <testcase classname="com.spree.test.Address" name="T06_deleteAllAddress" time="10.260"/>
  <testcase classname="com.spree.test.Address" name="T07_getAllAddressAfterDeleteAll" time="0.798"/>
  <testcase classname="com.spree.test.Address" name="addAddressSameLabel" time="1.559"/>
</testsuite> <!-- com.spree.test.Address -->
